Path to BATS set as:	/root/ConPaaS-TaskFarmService
Master of type: 5
time unit: 60; cost per time unit: 20.0
time unit: 60; cost per time unit: 80.0
time unit: 60; cost per time unit: 160.0
Read 3 clusters.
BoT time unit set to: 60
Trying to instantiate master as: 5
Master: IBIS CREATED
Sample size is: 31
clusters for
ec2-micro2
t1.micro.c2.amazon.com
Returning current price for t1.micro : 0.006
Returning current price for t1.micro : 0.006
clusters for
ec2-micro1
t1.micro.c1.amazon.com
Returning current price for t1.micro : 0.006
Returning current price for t1.micro : 0.006
clusters for
ec2-micro3
t1.micro.c3.amazon.com
Returning current price for t1.micro : 0.006
Returning current price for t1.micro : 0.006
Master instantied as: org.koala.runnersFramework.runners.bot.SamplingPhaseMaster
spotKeyPair
ibisServer 
serverAddress {23.20.81.185-8999}/10.220.159.167-8999#fa.46.43.2c.44.7b.00.00.f4.43.12.31.38.04.9c.59~root
t1.micro
Created Spot Request: sir-d6d9fc12
Mapping 1 with sir-d6d9fc12
spotKeyPair
ibisServer 
serverAddress {23.20.81.185-8999}/10.220.159.167-8999#fa.46.43.2c.44.7b.00.00.f4.43.12.31.38.04.9c.59~root
t1.micro
Created Spot Request: sir-126f7811
Mapping 1 with sir-126f7811
spotKeyPair
ibisServer 
serverAddress {23.20.81.185-8999}/10.220.159.167-8999#fa.46.43.2c.44.7b.00.00.f4.43.12.31.38.04.9c.59~root
t1.micro
Created Spot Request: sir-80da9c11
Mapping 1 with sir-80da9c11
{}
node 1
null
t1.micro.c2.amazon.com
t1.micro.c2.amazon.com
{}
node 1
null
t1.micro.c3.amazon.com
t1.micro.c2.amazon.com
t1.micro.c3.amazon.com
t1.micro.c2.amazon.com
{}
node 1
null
t1.micro.c1.amazon.com
t1.micro.c2.amazon.com
t1.micro.c3.amazon.com
t1.micro.c2.amazon.com
t1.micro.c1.amazon.com
t1.micro.c3.amazon.com
t1.micro.c3.amazon.com
t1.micro.c1.amazon.com
t1.micro.c3.amazon.com
t1.micro.c1.amazon.com
t1.micro.c1.amazon.com
t1.micro.c2.amazon.com
t1.micro.c1.amazon.com
t1.micro.c3.amazon.com
t1.micro.c1.amazon.com
t1.micro.c2.amazon.com
t1.micro.c3.amazon.com
t1.micro.c2.amazon.com
t1.micro.c1.amazon.com
t1.micro.c1.amazon.com
t1.micro.c2.amazon.com
t1.micro.c3.amazon.com
t1.micro.c1.amazon.com
t1.micro.c1.amazon.com
t1.micro.c1.amazon.com
t1.micro.c2.amazon.com
t1.micro.c1.amazon.com
t1.micro.c3.amazon.com
t1.micro.c3.amazon.com
t1.micro.c1.amazon.com
t1.micro.c1.amazon.com
t1.micro.c3.amazon.com
t1.micro.c2.amazon.com
t1.micro.c1.amazon.com
t1.micro.c1.amazon.com
t1.micro.c3.amazon.com
t1.micro.c2.amazon.com
t1.micro.c2.amazon.com
t1.micro.c2.amazon.com
t1.micro.c1.amazon.com
findNextJob: no next job
Adauga jobul 429 in extra points al clusteruluiec2-micro1
t1.micro.c3.amazon.com
findNextJob: no next job
Adauga jobul 341 in extra points al clusteruluiec2-micro3
t1.micro.c1.amazon.com
findNextJob: no next job
Adauga jobul 1153 in extra points al clusteruluiec2-micro1
t1.micro.c3.amazon.com
findNextJob: no next job
Adauga jobul 1052 in extra points al clusteruluiec2-micro3
t1.micro.c1.amazon.com
findNextJob: no next job
Adauga jobul 1326 in extra points al clusteruluiec2-micro1
t1.micro.c3.amazon.com
findNextJob: no next job
Adauga jobul 824 in extra points al clusteruluiec2-micro3
t1.micro.c3.amazon.com
findNextJob: no next job
Adauga jobul 827 in extra points al clusteruluiec2-micro3
t1.micro.c2.amazon.com
findNextJob: no next job
Adauga jobul 480 in extra points al clusteruluiec2-micro2
t1.micro.c2.amazon.com
findNextJob: no next job
Adauga jobul 726 in extra points al clusteruluiec2-micro2
t1.micro.c2.amazon.com
findNextJob: no next job
Adauga jobul 77 in extra points al clusteruluiec2-micro2
t1.micro.c3.amazon.com
findNextJob: no next job
Adauga jobul 812 in extra points al clusteruluiec2-micro3
t1.micro.c1.amazon.com
findNextJob: no next job
Adauga jobul 1215 in extra points al clusteruluiec2-micro1
t1.micro.c1.amazon.com
findNextJob: no next job
Adauga jobul 310 in extra points al clusteruluiec2-micro1
t1.micro.c1.amazon.com
findNextJob: no next job
Adauga jobul 1482 in extra points al clusteruluiec2-micro1
t1.micro.c2.amazon.com
findNextJob: no next job
Adauga jobul 1520 in extra points al clusteruluiec2-micro2
t1.micro.c2.amazon.com
findNextJob: no next job
Adauga jobul 1454 in extra points al clusteruluiec2-micro2
t1.micro.c1.amazon.com
findNextJob: no next job
Adauga jobul 1141 in extra points al clusteruluiec2-micro1
t1.micro.c2.amazon.com
findNextJob: no next job
Adauga jobul 652 in extra points al clusteruluiec2-micro2
t1.micro.c3.amazon.com
findNextJob: no next job
Adauga jobul 901 in extra points al clusteruluiec2-micro3
t1.micro.c3.amazon.com
findNextJob: no next job
Adauga jobul 672 in extra points al clusteruluiec2-micro3
t1.micro.c3.amazon.com
findNextJob: no next job
Adauga jobul 47 in extra points al clusteruluiec2-micro3
t1.micro.c3.amazon.com
findNextJob: no next job
Adauga jobul 407 in extra points al clusteruluiec2-micro3
t1.micro.c1.amazon.com
findNextJob: no next job
Adauga jobul 1655 in extra points al clusteruluiec2-micro1
t1.micro.c3.amazon.com
findNextJob: no next job
Adauga jobul 580 in extra points al clusteruluiec2-micro3
t1.micro.c2.amazon.com
findNextJob: no next job
Adauga jobul 1613 in extra points al clusteruluiec2-micro2
t1.micro.c2.amazon.com
findNextJob: no next job
Adauga jobul 1701 in extra points al clusteruluiec2-micro2
t1.micro.c3.amazon.com
findNextJob: no next job
Adauga jobul 499 in extra points al clusteruluiec2-micro3
t1.micro.c1.amazon.com
findNextJob: no next job
Adauga jobul 1233 in extra points al clusteruluiec2-micro1
t1.micro.c1.amazon.com
findNextJob: no next job
Adauga jobul 1453 in extra points al clusteruluiec2-micro1
t1.micro.c1.amazon.com
findNextJob: no next job
Adauga jobul 1481 in extra points al clusteruluiec2-micro1
t1.micro.c2.amazon.com
findNextJob: no next job
Adauga jobul 1671 in extra points al clusteruluiec2-micro2
t1.micro.c3.amazon.com
findNextJob: no next job
Adauga jobul 126 in extra points al clusteruluiec2-micro3
t1.micro.c2.amazon.com
findNextJob: no next job
Adauga jobul 149 in extra points al clusteruluiec2-micro2
t1.micro.c2.amazon.com
findNextJob: no next job
Adauga jobul 136 in extra points al clusteruluiec2-micro2
t1.micro.c3.amazon.com
findNextJob: no next job
Adauga jobul 638 in extra points al clusteruluiec2-micro3
t1.micro.c1.amazon.com
findNextJob: no next job
Adauga jobul 776 in extra points al clusteruluiec2-micro1
t1.micro.c3.amazon.com
findNextJob: no next job
Adauga jobul 227 in extra points al clusteruluiec2-micro3
t1.micro.c3.amazon.com
findNextJob: no next job
Adauga jobul 1909 in extra points al clusteruluiec2-micro3
t1.micro.c3.amazon.com
findNextJob: no next job
Adauga jobul 924 in extra points al clusteruluiec2-micro3
t1.micro.c1.amazon.com
findNextJob: no next job
Adauga jobul 1983 in extra points al clusteruluiec2-micro1
t1.micro.c2.amazon.com
findNextJob: no next job
Adauga jobul 1120 in extra points al clusteruluiec2-micro2
t1.micro.c3.amazon.com
findNextJob: no next job
Adauga jobul 372 in extra points al clusteruluiec2-micro3
t1.micro.c2.amazon.com
findNextJob: no next job
Adauga jobul 420 in extra points al clusteruluiec2-micro2
t1.micro.c3.amazon.com
findNextJob: no next job
Adauga jobul 1837 in extra points al clusteruluiec2-micro3
t1.micro.c1.amazon.com
findNextJob: no next job
Adauga jobul 1966 in extra points al clusteruluiec2-micro1
t1.micro.c1.amazon.com
findNextJob: no next job
Adauga jobul 328 in extra points al clusteruluiec2-micro1
t1.micro.c1.amazon.com
findNextJob: no next job
Adauga jobul 1675 in extra points al clusteruluiec2-micro1
t1.micro.c2.amazon.com
findNextJob: no next job
Adauga jobul 633 in extra points al clusteruluiec2-micro2
t1.micro.c2.amazon.com
findNextJob: no next job
Adauga jobul 545 in extra points al clusteruluiec2-micro2
t1.micro.c1.amazon.com
findNextJob: no next job
Adauga jobul 1355 in extra points al clusteruluiec2-micro1
t1.micro.c2.amazon.com
findNextJob: no next job
Adauga jobul 1457 in extra points al clusteruluiec2-micro2
t1.micro.c3.amazon.com
findNextJob: no next job
Adauga jobul 1611 in extra points al clusteruluiec2-micro3
t1.micro.c3.amazon.com
findNextJob: no next job
Adauga jobul 1584 in extra points al clusteruluiec2-micro3
t1.micro.c2.amazon.com
findNextJob: no next job
Adauga jobul 382 in extra points al clusteruluiec2-micro2
t1.micro.c1.amazon.com
findNextJob: no next job
Adauga jobul 1954 in extra points al clusteruluiec2-micro1
t1.micro.c2.amazon.com
findNextJob: no next job
Adauga jobul 144 in extra points al clusteruluiec2-micro2
t1.micro.c3.amazon.com
findNextJob: no next job
Adauga jobul 245 in extra points al clusteruluiec2-micro3
t1.micro.c3.amazon.com
findNextJob: no next job
Adauga jobul 54 in extra points al clusteruluiec2-micro3
t1.micro.c1.amazon.com
findNextJob: no next job
Adauga jobul 1348 in extra points al clusteruluiec2-micro1
t1.micro.c1.amazon.com
findNextJob: no next job
Adauga jobul 1301 in extra points al clusteruluiec2-micro1
t1.micro.c1.amazon.com
findNextJob: no next job
Adauga jobul 648 in extra points al clusteruluiec2-micro1
t1.micro.c3.amazon.com
findNextJob: no next job
Adauga jobul 854 in extra points al clusteruluiec2-micro3
t1.micro.c2.amazon.com
findNextJob: no next job
Adauga jobul 366 in extra points al clusteruluiec2-micro2
t1.micro.c1.amazon.com
findNextJob: no next job
Adauga jobul 180 in extra points al clusteruluiec2-micro1
t1.micro.c2.amazon.com
findNextJob: no next job
Adauga jobul 90 in extra points al clusteruluiec2-micro2
t1.micro.c2.amazon.com
findNextJob: no next job
Adauga jobul 449 in extra points al clusteruluiec2-micro2
t1.micro.c1.amazon.com
findNextJob: no next job
Adauga jobul 1374 in extra points al clusteruluiec2-micro1
t1.micro.c3.amazon.com
findNextJob: no next job
Adauga jobul 375 in extra points al clusteruluiec2-micro3
t1.micro.c3.amazon.com
findNextJob: no next job
Adauga jobul 427 in extra points al clusteruluiec2-micro3
t1.micro.c2.amazon.com
findNextJob: no next job
Adauga jobul 1471 in extra points al clusteruluiec2-micro2
t1.micro.c3.amazon.com
findNextJob: no next job
Adauga jobul 553 in extra points al clusteruluiec2-micro3
t1.micro.c2.amazon.com
findNextJob: no next job
Adauga jobul 30 in extra points al clusteruluiec2-micro2
t1.micro.c3.amazon.com
findNextJob: no next job
Adauga jobul 1268 in extra points al clusteruluiec2-micro3
t1.micro.c1.amazon.com
findNextJob: no next job
Adauga jobul 120 in extra points al clusteruluiec2-micro1
t1.micro.c2.amazon.com
findNextJob: no next job
Adauga jobul 1188 in extra points al clusteruluiec2-micro2
t1.micro.c1.amazon.com
findNextJob: no next job
Adauga jobul 154 in extra points al clusteruluiec2-micro1
t1.micro.c1.amazon.com
findNextJob: no next job
Adauga jobul 1533 in extra points al clusteruluiec2-micro1
t1.micro.c2.amazon.com
findNextJob: no next job
Adauga jobul 1351 in extra points al clusteruluiec2-micro2
t1.micro.c1.amazon.com
findNextJob: no next job
Adauga jobul 1389 in extra points al clusteruluiec2-micro1
t1.micro.c3.amazon.com
findNextJob: no next job
Adauga jobul 1933 in extra points al clusteruluiec2-micro3
t1.micro.c3.amazon.com
findNextJob: no next job
Adauga jobul 221 in extra points al clusteruluiec2-micro3
t1.micro.c3.amazon.com
findNextJob: no next job
Adauga jobul 132 in extra points al clusteruluiec2-micro3
t1.micro.c3.amazon.com
findNextJob: no next job
Adauga jobul 1130 in extra points al clusteruluiec2-micro3
t1.micro.c2.amazon.com
findNextJob: no next job
Adauga jobul 1719 in extra points al clusteruluiec2-micro2
t1.micro.c1.amazon.com
findNextJob: no next job
Adauga jobul 103 in extra points al clusteruluiec2-micro1
t1.micro.c2.amazon.com
findNextJob: no next job
Adauga jobul 514 in extra points al clusteruluiec2-micro2
t1.micro.c3.amazon.com
findNextJob: no next job
Adauga jobul 1657 in extra points al clusteruluiec2-micro3
t1.micro.c2.amazon.com
findNextJob: no next job
Adauga jobul 11 in extra points al clusteruluiec2-micro2
t1.micro.c3.amazon.com
findNextJob: no next job
Adauga jobul 384 in extra points al clusteruluiec2-micro3
t1.micro.c1.amazon.com
findNextJob: no next job
Adauga jobul 219 in extra points al clusteruluiec2-micro1
t1.micro.c1.amazon.com
findNextJob: no next job
Adauga jobul 486 in extra points al clusteruluiec2-micro1
t1.micro.c3.amazon.com
findNextJob: no next job
Adauga jobul 367 in extra points al clusteruluiec2-micro3
t1.micro.c3.amazon.com
findNextJob: no next job
Adauga jobul 1958 in extra points al clusteruluiec2-micro3
t1.micro.c1.amazon.com
findNextJob: no next job
Adauga jobul 1028 in extra points al clusteruluiec2-micro1
t1.micro.c2.amazon.com
findNextJob: no next job
Adauga jobul 601 in extra points al clusteruluiec2-micro2
t1.micro.c2.amazon.com
findNextJob: no next job
Adauga jobul 59 in extra points al clusteruluiec2-micro2
t1.micro.c3.amazon.com
findNextJob: no next job
Adauga jobul 1663 in extra points al clusteruluiec2-micro3
t1.micro.c1.amazon.com
findNextJob: no next job
Adauga jobul 574 in extra points al clusteruluiec2-micro1
t1.micro.c2.amazon.com
findNextJob: no next job
Adauga jobul 1393 in extra points al clusteruluiec2-micro2
t1.micro.c3.amazon.com
findNextJob: no next job
Adauga jobul 656 in extra points al clusteruluiec2-micro3
t1.micro.c2.amazon.com
findNextJob: no next job
Adauga jobul 224 in extra points al clusteruluiec2-micro2
t1.micro.c3.amazon.com
findNextJob: no next job
Adauga jobul 1208 in extra points al clusteruluiec2-micro3
t1.micro.c1.amazon.com
findNextJob: no next job
Adauga jobul 1180 in extra points al clusteruluiec2-micro1
t1.micro.c1.amazon.com
findNextJob: no next job
Adauga jobul 1081 in extra points al clusteruluiec2-micro1
t1.micro.c2.amazon.com
findNextJob: no next job
Adauga jobul 1487 in extra points al clusteruluiec2-micro2
t1.micro.c2.amazon.com
findNextJob: no next job
Adauga jobul 153 in extra points al clusteruluiec2-micro2
t1.micro.c2.amazon.com
findNextJob: no next job
Adauga jobul 1302 in extra points al clusteruluiec2-micro2
t1.micro.c1.amazon.com
findNextJob: no next job
Adauga jobul 706 in extra points al clusteruluiec2-micro1
t1.micro.c2.amazon.com
findNextJob: no next job
Adauga jobul 501 in extra points al clusteruluiec2-micro2
t1.micro.c1.amazon.com
findNextJob: no next job
Adauga jobul 847 in extra points al clusteruluiec2-micro1
t1.micro.c3.amazon.com
findNextJob: no next job
Adauga jobul 1591 in extra points al clusteruluiec2-micro3
t1.micro.c3.amazon.com
findNextJob: no next job
Adauga jobul 1841 in extra points al clusteruluiec2-micro3
t1.micro.c3.amazon.com
findNextJob: no next job
Adauga jobul 1857 in extra points al clusteruluiec2-micro3
t1.micro.c2.amazon.com
findNextJob: no next job
Adauga jobul 65 in extra points al clusteruluiec2-micro2
t1.micro.c1.amazon.com
findNextJob: no next job
Adauga jobul 645 in extra points al clusteruluiec2-micro1
t1.micro.c2.amazon.com
findNextJob: no next job
Adauga jobul 1641 in extra points al clusteruluiec2-micro2
t1.micro.c1.amazon.com
findNextJob: no next job
Adauga jobul 1628 in extra points al clusteruluiec2-micro1
t1.micro.c3.amazon.com
findNextJob: no next job
Adauga jobul 654 in extra points al clusteruluiec2-micro3
t1.micro.c1.amazon.com
findNextJob: no next job
Adauga jobul 235 in extra points al clusteruluiec2-micro1
t1.micro.c2.amazon.com
findNextJob: no next job
Adauga jobul 1498 in extra points al clusteruluiec2-micro2
t1.micro.c3.amazon.com
findNextJob: no next job
Adauga jobul 1422 in extra points al clusteruluiec2-micro3
t1.micro.c3.amazon.com
findNextJob: no next job
Adauga jobul 210 in extra points al clusteruluiec2-micro3
t1.micro.c1.amazon.com
findNextJob: no next job
Adauga jobul 971 in extra points al clusteruluiec2-micro1
t1.micro.c1.amazon.com
findNextJob: no next job
Adauga jobul 802 in extra points al clusteruluiec2-micro1
t1.micro.c2.amazon.com
findNextJob: no next job
Adauga jobul 229 in extra points al clusteruluiec2-micro2
t1.micro.c2.amazon.com
findNextJob: no next job
Adauga jobul 1913 in extra points al clusteruluiec2-micro2
t1.micro.c3.amazon.com
findNextJob: no next job
Adauga jobul 503 in extra points al clusteruluiec2-micro3
t1.micro.c3.amazon.com
findNextJob: no next job
Adauga jobul 203 in extra points al clusteruluiec2-micro3
t1.micro.c2.amazon.com
findNextJob: no next job
Adauga jobul 735 in extra points al clusteruluiec2-micro2
t1.micro.c2.amazon.com
findNextJob: no next job
Adauga jobul 917 in extra points al clusteruluiec2-micro2
t1.micro.c3.amazon.com
findNextJob: no next job
Adauga jobul 769 in extra points al clusteruluiec2-micro3
t1.micro.c1.amazon.com
findNextJob: no next job
Adauga jobul 1779 in extra points al clusteruluiec2-micro1
t1.micro.c1.amazon.com
findNextJob: no next job
Adauga jobul 818 in extra points al clusteruluiec2-micro1
t1.micro.c2.amazon.com
findNextJob: no next job
Adauga jobul 1777 in extra points al clusteruluiec2-micro2
t1.micro.c3.amazon.com
findNextJob: no next job
Adauga jobul 1846 in extra points al clusteruluiec2-micro3
t1.micro.c1.amazon.com
findNextJob: no next job
Adauga jobul 1596 in extra points al clusteruluiec2-micro1
t1.micro.c2.amazon.com
findNextJob: no next job
Adauga jobul 635 in extra points al clusteruluiec2-micro2
t1.micro.c3.amazon.com
findNextJob: no next job
Adauga jobul 333 in extra points al clusteruluiec2-micro3
t1.micro.c1.amazon.com
findNextJob: no next job
Adauga jobul 1065 in extra points al clusteruluiec2-micro1
t1.micro.c3.amazon.com
findNextJob: no next job
Adauga jobul 749 in extra points al clusteruluiec2-micro3
t1.micro.c1.amazon.com
findNextJob: no next job
Adauga jobul 1884 in extra points al clusteruluiec2-micro1
t1.micro.c2.amazon.com
findNextJob: no next job
Adauga jobul 1547 in extra points al clusteruluiec2-micro2
t1.micro.c1.amazon.com
findNextJob: no next job
Adauga jobul 413 in extra points al clusteruluiec2-micro1
t1.micro.c2.amazon.com
findNextJob: no next job
Adauga jobul 642 in extra points al clusteruluiec2-micro2
t1.micro.c2.amazon.com
findNextJob: no next job
Adauga jobul 141 in extra points al clusteruluiec2-micro2
t1.micro.c3.amazon.com
findNextJob: no next job
Adauga jobul 1606 in extra points al clusteruluiec2-micro3
t1.micro.c1.amazon.com
findNextJob: no next job
Adauga jobul 383 in extra points al clusteruluiec2-micro1
t1.micro.c1.amazon.com
findNextJob: no next job
Adauga jobul 186 in extra points al clusteruluiec2-micro1
t1.micro.c2.amazon.com
findNextJob: no next job
Adauga jobul 121 in extra points al clusteruluiec2-micro2
t1.micro.c2.amazon.com
findNextJob: no next job
Adauga jobul 1494 in extra points al clusteruluiec2-micro2
t1.micro.c2.amazon.com
findNextJob: no next job
Adauga jobul 1339 in extra points al clusteruluiec2-micro2
t1.micro.c3.amazon.com
findNextJob: no next job
Adauga jobul 142 in extra points al clusteruluiec2-micro3
t1.micro.c1.amazon.com
findNextJob: no next job
Adauga jobul 663 in extra points al clusteruluiec2-micro1
t1.micro.c3.amazon.com
findNextJob: no next job
Adauga jobul 1972 in extra points al clusteruluiec2-micro3
t1.micro.c2.amazon.com
findNextJob: no next job
Adauga jobul 292 in extra points al clusteruluiec2-micro2
t1.micro.c2.amazon.com
findNextJob: no next job
Adauga jobul 806 in extra points al clusteruluiec2-micro2
t1.micro.c3.amazon.com
findNextJob: no next job
Adauga jobul 1960 in extra points al clusteruluiec2-micro3
t1.micro.c3.amazon.com
findNextJob: no next job
Adauga jobul 1876 in extra points al clusteruluiec2-micro3
t1.micro.c1.amazon.com
findNextJob: no next job
Adauga jobul 994 in extra points al clusteruluiec2-micro1
t1.micro.c1.amazon.com
findNextJob: no next job
Adauga jobul 524 in extra points al clusteruluiec2-micro1
t1.micro.c2.amazon.com
findNextJob: no next job
Adauga jobul 1477 in extra points al clusteruluiec2-micro2
t1.micro.c2.amazon.com
findNextJob: no next job
Adauga jobul 1135 in extra points al clusteruluiec2-micro2
t1.micro.c1.amazon.com
findNextJob: no next job
Adauga jobul 41 in extra points al clusteruluiec2-micro1
t1.micro.c2.amazon.com
findNextJob: no next job
Adauga jobul 1242 in extra points al clusteruluiec2-micro2
t1.micro.c3.amazon.com
findNextJob: no next job
Adauga jobul 1011 in extra points al clusteruluiec2-micro3
t1.micro.c1.amazon.com
findNextJob: no next job
Adauga jobul 1551 in extra points al clusteruluiec2-micro1
t1.micro.c2.amazon.com
findNextJob: no next job
Adauga jobul 741 in extra points al clusteruluiec2-micro2
t1.micro.c3.amazon.com
findNextJob: no next job
Adauga jobul 1163 in extra points al clusteruluiec2-micro3
t1.micro.c2.amazon.com
findNextJob: no next job
Adauga jobul 959 in extra points al clusteruluiec2-micro2
t1.micro.c1.amazon.com
findNextJob: no next job
Adauga jobul 846 in extra points al clusteruluiec2-micro1
t1.micro.c1.amazon.com
findNextJob: no next job
Adauga jobul 1206 in extra points al clusteruluiec2-micro1
t1.micro.c2.amazon.com
findNextJob: no next job
Adauga jobul 159 in extra points al clusteruluiec2-micro2
t1.micro.c3.amazon.com
findNextJob: no next job
Adauga jobul 252 in extra points al clusteruluiec2-micro3
t1.micro.c2.amazon.com
findNextJob: no next job
Adauga jobul 666 in extra points al clusteruluiec2-micro2
t1.micro.c1.amazon.com
findNextJob: no next job
Adauga jobul 500 in extra points al clusteruluiec2-micro1
t1.micro.c3.amazon.com
findNextJob: no next job
Adauga jobul 869 in extra points al clusteruluiec2-micro3
t1.micro.c1.amazon.com
findNextJob: no next job
Adauga jobul 1936 in extra points al clusteruluiec2-micro1
t1.micro.c2.amazon.com
findNextJob: no next job
Adauga jobul 819 in extra points al clusteruluiec2-micro2
t1.micro.c3.amazon.com
findNextJob: no next job
Adauga jobul 444 in extra points al clusteruluiec2-micro3
t1.micro.c3.amazon.com
findNextJob: no next job
Adauga jobul 1131 in extra points al clusteruluiec2-micro3
t1.micro.c1.amazon.com
findNextJob: no next job
Adauga jobul 114 in extra points al clusteruluiec2-micro1
t1.micro.c1.amazon.com
findNextJob: no next job
Adauga jobul 1557 in extra points al clusteruluiec2-micro1
t1.micro.c1.amazon.com
findNextJob: no next job
Adauga jobul 1945 in extra points al clusteruluiec2-micro1
t1.micro.c1.amazon.com
findNextJob: no next job
Adauga jobul 1685 in extra points al clusteruluiec2-micro1
t1.micro.c2.amazon.com
findNextJob: no next job
Adauga jobul 1734 in extra points al clusteruluiec2-micro2
t1.micro.c1.amazon.com
findNextJob: no next job
Adauga jobul 650 in extra points al clusteruluiec2-micro1
t1.micro.c2.amazon.com
findNextJob: no next job
Adauga jobul 1724 in extra points al clusteruluiec2-micro2
t1.micro.c3.amazon.com
findNextJob: no next job
Adauga jobul 1633 in extra points al clusteruluiec2-micro3
t1.micro.c2.amazon.com
findNextJob: no next job
Adauga jobul 478 in extra points al clusteruluiec2-micro2
t1.micro.c3.amazon.com
findNextJob: no next job
Adauga jobul 1370 in extra points al clusteruluiec2-micro3
t1.micro.c1.amazon.com
findNextJob: no next job
Adauga jobul 655 in extra points al clusteruluiec2-micro1
t1.micro.c1.amazon.com
findNextJob: no next job
Adauga jobul 467 in extra points al clusteruluiec2-micro1
t1.micro.c1.amazon.com
findNextJob: no next job
Adauga jobul 1963 in extra points al clusteruluiec2-micro1
t1.micro.c2.amazon.com
findNextJob: no next job
Adauga jobul 1418 in extra points al clusteruluiec2-micro2
t1.micro.c2.amazon.com
findNextJob: no next job
Adauga jobul 1897 in extra points al clusteruluiec2-micro2
t1.micro.c3.amazon.com
findNextJob: no next job
Adauga jobul 1427 in extra points al clusteruluiec2-micro3
t1.micro.c2.amazon.com
findNextJob: no next job
Adauga jobul 10 in extra points al clusteruluiec2-micro2
t1.micro.c3.amazon.com
findNextJob: no next job
Adauga jobul 925 in extra points al clusteruluiec2-micro3
t1.micro.c1.amazon.com
findNextJob: no next job
Adauga jobul 1748 in extra points al clusteruluiec2-micro1
t1.micro.c2.amazon.com
findNextJob: no next job
Adauga jobul 1124 in extra points al clusteruluiec2-micro2
t1.micro.c1.amazon.com
findNextJob: no next job
Adauga jobul 1630 in extra points al clusteruluiec2-micro1
t1.micro.c2.amazon.com
findNextJob: no next job
Adauga jobul 232 in extra points al clusteruluiec2-micro2
t1.micro.c3.amazon.com
findNextJob: no next job
Adauga jobul 1943 in extra points al clusteruluiec2-micro3
t1.micro.c1.amazon.com
findNextJob: no next job
Adauga jobul 1448 in extra points al clusteruluiec2-micro1
t1.micro.c3.amazon.com
findNextJob: no next job
Adauga jobul 1132 in extra points al clusteruluiec2-micro3
t1.micro.c1.amazon.com
findNextJob: no next job
Adauga jobul 1759 in extra points al clusteruluiec2-micro1
t1.micro.c1.amazon.com
findNextJob: no next job
Adauga jobul 768 in extra points al clusteruluiec2-micro1
t1.micro.c1.amazon.com
findNextJob: no next job
Adauga jobul 309 in extra points al clusteruluiec2-micro1
t1.micro.c1.amazon.com
findNextJob: no next job
Adauga jobul 1451 in extra points al clusteruluiec2-micro1
t1.micro.c2.amazon.com
findNextJob: no next job
Adauga jobul 1392 in extra points al clusteruluiec2-micro2
t1.micro.c3.amazon.com
findNextJob: no next job
Adauga jobul 1044 in extra points al clusteruluiec2-micro3
t1.micro.c2.amazon.com
findNextJob: no next job
Adauga jobul 1023 in extra points al clusteruluiec2-micro2
t1.micro.c1.amazon.com
findNextJob: no next job
Adauga jobul 1110 in extra points al clusteruluiec2-micro1
t1.micro.c3.amazon.com
findNextJob: no next job
Adauga jobul 1810 in extra points al clusteruluiec2-micro3
t1.micro.c2.amazon.com
findNextJob: no next job
Adauga jobul 215 in extra points al clusteruluiec2-micro2
t1.micro.c2.amazon.com
findNextJob: no next job
Adauga jobul 558 in extra points al clusteruluiec2-micro2
t1.micro.c3.amazon.com
findNextJob: no next job
Adauga jobul 3 in extra points al clusteruluiec2-micro3
t1.micro.c1.amazon.com
findNextJob: no next job
Adauga jobul 1473 in extra points al clusteruluiec2-micro1
t1.micro.c3.amazon.com
findNextJob: no next job
Adauga jobul 1971 in extra points al clusteruluiec2-micro3
t1.micro.c1.amazon.com
findNextJob: no next job
Adauga jobul 946 in extra points al clusteruluiec2-micro1
t1.micro.c1.amazon.com
findNextJob: no next job
Adauga jobul 540 in extra points al clusteruluiec2-micro1
t1.micro.c1.amazon.com
findNextJob: no next job
Adauga jobul 1357 in extra points al clusteruluiec2-micro1
t1.micro.c3.amazon.com
findNextJob: no next job
Adauga jobul 1595 in extra points al clusteruluiec2-micro3
t1.micro.c2.amazon.com
findNextJob: no next job
Adauga jobul 33 in extra points al clusteruluiec2-micro2
t1.micro.c2.amazon.com
findNextJob: no next job
Adauga jobul 175 in extra points al clusteruluiec2-micro2
t1.micro.c3.amazon.com
findNextJob: no next job
Adauga jobul 612 in extra points al clusteruluiec2-micro3
t1.micro.c2.amazon.com
findNextJob: no next job
Adauga jobul 1460 in extra points al clusteruluiec2-micro2
t1.micro.c3.amazon.com
findNextJob: no next job
Adauga jobul 234 in extra points al clusteruluiec2-micro3
t1.micro.c1.amazon.com
findNextJob: no next job
Adauga jobul 1553 in extra points al clusteruluiec2-micro1
t1.micro.c1.amazon.com
findNextJob: no next job
Adauga jobul 302 in extra points al clusteruluiec2-micro1
t1.micro.c1.amazon.com
findNextJob: no next job
Adauga jobul 1261 in extra points al clusteruluiec2-micro1
Terminate Node
Req id: sir-d6d9fc12
Inst id: i-bdbc12db
Terminate Node
Req id: sir-d6d9fc12
Inst id: i-bdbc12db
Terminate Node
Req id: sir-d6d9fc12
Inst id: i-bdbc12db
Terminate Node
Req id: sir-d6d9fc12
Inst id: i-bdbc12db
Terminate Node
Req id: sir-d6d9fc12
Inst id: i-bdbc12db
Terminate Node
Req id: sir-d6d9fc12
Inst id: i-bdbc12db
Terminate Node
Req id: sir-d6d9fc12
Inst id: i-bdbc12db
Terminate Node
Req id: sir-d6d9fc12
Inst id: i-bdbc12db
Terminate Node
Req id: sir-d6d9fc12
Inst id: i-bdbc12db
Terminate Node
Req id: sir-d6d9fc12
Inst id: i-bdbc12db
Terminate Node
Req id: sir-d6d9fc12
Inst id: i-bdbc12db
Terminate Node
Req id: sir-d6d9fc12
Inst id: i-bdbc12db
Terminate Node
Req id: sir-d6d9fc12
Inst id: i-bdbc12db
Terminate Node
Req id: sir-d6d9fc12
Inst id: i-bdbc12db
Terminate Node
Req id: sir-d6d9fc12
Inst id: i-bdbc12db
Terminate Node
Req id: sir-d6d9fc12
Inst id: i-bdbc12db
Terminate Node
Req id: sir-d6d9fc12
Inst id: i-bdbc12db
Terminate Node
Req id: sir-d6d9fc12
Inst id: i-bdbc12db
Terminate Node
Req id: sir-d6d9fc12
Inst id: i-bdbc12db
Terminate Node
Req id: sir-d6d9fc12
Inst id: i-bdbc12db
Terminate Node
Req id: sir-d6d9fc12
Inst id: i-bdbc12db
Terminate Node
Req id: sir-d6d9fc12
Inst id: i-bdbc12db
Terminate Node
Req id: sir-d6d9fc12
Inst id: i-bdbc12db
Terminate Node
Req id: sir-d6d9fc12
Inst id: i-bdbc12db
Terminate Node
Req id: sir-d6d9fc12
Inst id: i-bdbc12db
Terminate Node
Req id: sir-d6d9fc12
Inst id: i-bdbc12db
Terminate Node
Req id: sir-d6d9fc12
Inst id: i-bdbc12db
Terminate Node
Req id: sir-d6d9fc12
Inst id: i-bdbc12db
Terminate Node
Req id: sir-d6d9fc12
Inst id: i-bdbc12db
Terminate Node
Req id: sir-d6d9fc12
Inst id: i-bdbc12db
Terminate Node
Req id: sir-d6d9fc12
Inst id: i-bdbc12db
Terminate Node
Req id: sir-d6d9fc12
Inst id: i-bdbc12db
Terminate Node
Req id: sir-d6d9fc12
Inst id: i-bdbc12db
Terminate Node
Req id: sir-d6d9fc12
Inst id: i-bdbc12db
Terminate Node
Req id: sir-d6d9fc12
Inst id: i-bdbc12db
Terminate Node
Req id: sir-d6d9fc12
Inst id: i-bdbc12db
Terminate Node
Req id: sir-d6d9fc12
Inst id: i-bdbc12db
Terminate Node
Req id: sir-d6d9fc12
Inst id: i-bdbc12db
Terminate Node
Req id: sir-d6d9fc12
Inst id: i-bdbc12db
Terminate Node
Req id: sir-d6d9fc12
Inst id: i-bdbc12db
Terminate Node
Req id: sir-d6d9fc12
Inst id: i-bdbc12db
Terminate Node
Req id: sir-d6d9fc12
Inst id: i-bdbc12db
Terminate Node
Req id: sir-d6d9fc12
Inst id: i-bdbc12db
Terminate Node
Req id: sir-d6d9fc12
Inst id: i-bdbc12db
Terminate Node
Req id: sir-d6d9fc12
Inst id: i-bdbc12db
Terminate Node
Req id: sir-d6d9fc12
Inst id: i-bdbc12db
Terminate Node
Req id: sir-d6d9fc12
Inst id: i-bdbc12db
Terminate Node
Req id: sir-d6d9fc12
Inst id: i-bdbc12db
Terminate Node
Req id: sir-d6d9fc12
Inst id: i-bdbc12db
Terminate Node
Req id: sir-d6d9fc12
Inst id: i-bdbc12db
Terminate Node
Req id: sir-d6d9fc12
Inst id: i-bdbc12db
Terminate Node
Req id: sir-d6d9fc12
Inst id: i-bdbc12db
Terminate Node
Req id: sir-d6d9fc12
Inst id: i-bdbc12db
Terminate Node
Req id: sir-d6d9fc12
Inst id: i-bdbc12db
Terminate Node
Req id: sir-d6d9fc12
Inst id: i-bdbc12db
Terminate Node
Req id: sir-d6d9fc12
Inst id: i-bdbc12db
Terminate Node
Req id: sir-d6d9fc12
Inst id: i-bdbc12db
Terminate Node
Req id: sir-d6d9fc12
Inst id: i-bdbc12db
Terminate Node
Req id: sir-d6d9fc12
Inst id: i-bdbc12db
Terminate Node
Req id: sir-d6d9fc12
Inst id: i-bdbc12db
Terminate Node
Req id: sir-d6d9fc12
Inst id: i-bdbc12db
Terminate Node
Req id: sir-d6d9fc12
Inst id: i-bdbc12db
Terminate Node
Req id: sir-d6d9fc12
Inst id: i-bdbc12db
Terminate Node
Req id: sir-d6d9fc12
Inst id: i-bdbc12db
Terminate Node
Req id: sir-d6d9fc12
Inst id: i-bdbc12db
Terminate Node
Req id: sir-d6d9fc12
Inst id: i-bdbc12db
Terminate Node
Req id: sir-d6d9fc12
Inst id: i-bdbc12db
Terminate Node
Req id: sir-d6d9fc12
Inst id: i-bdbc12db
Terminate Node
Req id: sir-d6d9fc12
Inst id: i-bdbc12db
Terminate Node
Req id: sir-d6d9fc12
Inst id: i-bdbc12db
Terminate Node
Req id: sir-d6d9fc12
Inst id: i-bdbc12db
Terminate Node
Req id: sir-d6d9fc12
Inst id: i-bdbc12db
Terminate Node
Req id: sir-d6d9fc12
Inst id: i-bdbc12db
Terminate Node
Req id: sir-d6d9fc12
Inst id: i-bdbc12db
Terminate Node
Req id: sir-d6d9fc12
Inst id: i-bdbc12db
Terminate Node
Req id: sir-d6d9fc12
Inst id: i-bdbc12db
Terminate Node
Req id: sir-80da9c11
Inst id: i-4dbd132b
Terminate Node
Req id: sir-80da9c11
Inst id: i-4dbd132b
Terminate Node
Req id: sir-80da9c11
Inst id: i-4dbd132b
Terminate Node
Req id: sir-80da9c11
Inst id: i-4dbd132b
Terminate Node
Req id: sir-80da9c11
Inst id: i-4dbd132b
Terminate Node
Req id: sir-80da9c11
Inst id: i-4dbd132b
Terminate Node
Req id: sir-80da9c11
Inst id: i-4dbd132b
Terminate Node
Req id: sir-80da9c11
Inst id: i-4dbd132b
Terminate Node
Req id: sir-80da9c11
Inst id: i-4dbd132b
Terminate Node
Req id: sir-80da9c11
Inst id: i-4dbd132b
Terminate Node
Req id: sir-80da9c11
Inst id: i-4dbd132b
Terminate Node
Req id: sir-80da9c11
Inst id: i-4dbd132b
Terminate Node
Req id: sir-80da9c11
Inst id: i-4dbd132b
Terminate Node
Req id: sir-80da9c11
Inst id: i-4dbd132b
Terminate Node
Req id: sir-80da9c11
Inst id: i-4dbd132b
Terminate Node
Req id: sir-80da9c11
Inst id: i-4dbd132b
Terminate Node
Req id: sir-80da9c11
Inst id: i-4dbd132b
Terminate Node
Req id: sir-80da9c11
Inst id: i-4dbd132b
Terminate Node
Req id: sir-80da9c11
Inst id: i-4dbd132b
Terminate Node
Req id: sir-80da9c11
Inst id: i-4dbd132b
Terminate Node
Req id: sir-80da9c11
Inst id: i-4dbd132b
Terminate Node
Req id: sir-80da9c11
Inst id: i-4dbd132b
Terminate Node
Req id: sir-80da9c11
Inst id: i-4dbd132b
Terminate Node
Req id: sir-80da9c11
Inst id: i-4dbd132b
Terminate Node
Req id: sir-80da9c11
Inst id: i-4dbd132b
Terminate Node
Req id: sir-80da9c11
Inst id: i-4dbd132b
Terminate Node
Req id: sir-80da9c11
Inst id: i-4dbd132b
Terminate Node
Req id: sir-80da9c11
Inst id: i-4dbd132b
Terminate Node
Req id: sir-80da9c11
Inst id: i-4dbd132b
Terminate Node
Req id: sir-80da9c11
Inst id: i-4dbd132b
Terminate Node
Req id: sir-80da9c11
Inst id: i-4dbd132b
Terminate Node
Req id: sir-80da9c11
Inst id: i-4dbd132b
Terminate Node
Req id: sir-80da9c11
Inst id: i-4dbd132b
Terminate Node
Req id: sir-80da9c11
Inst id: i-4dbd132b
Terminate Node
Req id: sir-80da9c11
Inst id: i-4dbd132b
Terminate Node
Req id: sir-80da9c11
Inst id: i-4dbd132b
Terminate Node
Req id: sir-80da9c11
Inst id: i-4dbd132b
Terminate Node
Req id: sir-80da9c11
Inst id: i-4dbd132b
Terminate Node
Req id: sir-80da9c11
Inst id: i-4dbd132b
Terminate Node
Req id: sir-80da9c11
Inst id: i-4dbd132b
Terminate Node
Req id: sir-80da9c11
Inst id: i-4dbd132b
Terminate Node
Req id: sir-80da9c11
Inst id: i-4dbd132b
Terminate Node
Req id: sir-80da9c11
Inst id: i-4dbd132b
Terminate Node
Req id: sir-80da9c11
Inst id: i-4dbd132b
Terminate Node
Req id: sir-80da9c11
Inst id: i-4dbd132b
Terminate Node
Req id: sir-80da9c11
Inst id: i-4dbd132b
Terminate Node
Req id: sir-80da9c11
Inst id: i-4dbd132b
Terminate Node
Req id: sir-80da9c11
Inst id: i-4dbd132b
Terminate Node
Req id: sir-80da9c11
Inst id: i-4dbd132b
Terminate Node
Req id: sir-80da9c11
Inst id: i-4dbd132b
Terminate Node
Req id: sir-80da9c11
Inst id: i-4dbd132b
Terminate Node
Req id: sir-80da9c11
Inst id: i-4dbd132b
Terminate Node
Req id: sir-80da9c11
Inst id: i-4dbd132b
Terminate Node
Req id: sir-80da9c11
Inst id: i-4dbd132b
Terminate Node
Req id: sir-80da9c11
Inst id: i-4dbd132b
Terminate Node
Req id: sir-80da9c11
Inst id: i-4dbd132b
Terminate Node
Req id: sir-80da9c11
Inst id: i-4dbd132b
Terminate Node
Req id: sir-80da9c11
Inst id: i-4dbd132b
Terminate Node
Req id: sir-80da9c11
Inst id: i-4dbd132b
Terminate Node
Req id: sir-80da9c11
Inst id: i-4dbd132b
Terminate Node
Req id: sir-80da9c11
Inst id: i-4dbd132b
Terminate Node
Req id: sir-80da9c11
Inst id: i-4dbd132b
Terminate Node
Req id: sir-80da9c11
Inst id: i-4dbd132b
Terminate Node
Req id: sir-80da9c11
Inst id: i-4dbd132b
Terminate Node
Req id: sir-80da9c11
Inst id: i-4dbd132b
Terminate Node
Req id: sir-80da9c11
Inst id: i-4dbd132b
Terminate Node
Req id: sir-80da9c11
Inst id: i-4dbd132b
Terminate Node
Req id: sir-80da9c11
Inst id: i-4dbd132b
Terminate Node
Req id: sir-80da9c11
Inst id: i-4dbd132b
Terminate Node
Req id: sir-80da9c11
Inst id: i-4dbd132b
Terminate Node
Req id: sir-80da9c11
Inst id: i-4dbd132b
Terminate Node
Req id: sir-80da9c11
Inst id: i-4dbd132b
Terminate Node
Req id: sir-80da9c11
Inst id: i-4dbd132b
Terminate Node
Req id: sir-80da9c11
Inst id: i-4dbd132b
Terminate Node
Req id: sir-126f7811
Inst id: i-11bd1377
Terminate Node
Req id: sir-126f7811
Inst id: i-11bd1377
Terminate Node
Req id: sir-126f7811
Inst id: i-11bd1377
Terminate Node
Req id: sir-126f7811
Inst id: i-11bd1377
Terminate Node
Req id: sir-126f7811
Inst id: i-11bd1377
Terminate Node
Req id: sir-126f7811
Inst id: i-11bd1377
Terminate Node
Req id: sir-126f7811
Inst id: i-11bd1377
Terminate Node
Req id: sir-126f7811
Inst id: i-11bd1377
Terminate Node
Req id: sir-126f7811
Inst id: i-11bd1377
Terminate Node
Req id: sir-126f7811
Inst id: i-11bd1377
Terminate Node
Req id: sir-126f7811
Inst id: i-11bd1377
Terminate Node
Req id: sir-126f7811
Inst id: i-11bd1377
Terminate Node
Req id: sir-126f7811
Inst id: i-11bd1377
Terminate Node
Req id: sir-126f7811
Inst id: i-11bd1377
Terminate Node
Req id: sir-126f7811
Inst id: i-11bd1377
Terminate Node
Req id: sir-126f7811
Inst id: i-11bd1377
Terminate Node
Req id: sir-126f7811
Inst id: i-11bd1377
Terminate Node
Req id: sir-126f7811
Inst id: i-11bd1377
Terminate Node
Req id: sir-126f7811
Inst id: i-11bd1377
Terminate Node
Req id: sir-126f7811
Inst id: i-11bd1377
Terminate Node
Req id: sir-126f7811
Inst id: i-11bd1377
Terminate Node
Req id: sir-126f7811
Inst id: i-11bd1377
Terminate Node
Req id: sir-126f7811
Inst id: i-11bd1377
Terminate Node
Req id: sir-126f7811
Inst id: i-11bd1377
Terminate Node
Req id: sir-126f7811
Inst id: i-11bd1377
Terminate Node
Req id: sir-126f7811
Inst id: i-11bd1377
Terminate Node
Req id: sir-126f7811
Inst id: i-11bd1377
Terminate Node
Req id: sir-126f7811
Inst id: i-11bd1377
Terminate Node
Req id: sir-126f7811
Inst id: i-11bd1377
cluster ec2-micro2: beta1=0.2791250480215136, beta0=3.563820591625049
cluster ec2-micro1: beta1=0.9719314252785246, beta0=0.48919515943142855
cluster ec2-micro3 has 31 samples; size of sampling points array is 31
base cluster is ec2-micro3: mean=74.06048412199395, variance=12096.645211735524
for extra points ec2-micro2
for extra points ec2-micro2
for extra points ec2-micro2
for extra points ec2-micro2
for extra points ec2-micro2
for extra points ec2-micro2
for extra points ec2-micro2
for extra points ec2-micro2
for extra points ec2-micro2
for extra points ec2-micro2
for extra points ec2-micro2
for extra points ec2-micro2
for extra points ec2-micro2
for extra points ec2-micro2
for extra points ec2-micro2
for extra points ec2-micro2
for extra points ec2-micro2
for extra points ec2-micro2
for extra points ec2-micro2
for extra points ec2-micro2
for extra points ec2-micro2
for extra points ec2-micro2
for extra points ec2-micro2
for extra points ec2-micro2
for extra points ec2-micro2
for extra points ec2-micro2
for extra points ec2-micro2
for extra points ec2-micro2
for extra points ec2-micro2
for extra points ec2-micro2
for extra points ec2-micro2
for extra points ec2-micro2
for extra points ec2-micro2
for extra points ec2-micro2
for extra points ec2-micro2
for extra points ec2-micro2
for extra points ec2-micro2
for extra points ec2-micro2
for extra points ec2-micro2
for extra points ec2-micro2
for extra points ec2-micro2
for extra points ec2-micro2
for extra points ec2-micro2
for extra points ec2-micro2
for extra points ec2-micro2
for extra points ec2-micro2
for extra points ec2-micro2
for extra points ec2-micro2
for extra points ec2-micro2
for extra points ec2-micro2
for extra points ec2-micro2
for extra points ec2-micro2
for extra points ec2-micro2
for extra points ec2-micro2
for extra points ec2-micro2
for extra points ec2-micro2
for extra points ec2-micro2
for extra points ec2-micro2
for extra points ec2-micro2
for extra points ec2-micro2
for extra points ec2-micro2
for extra points ec2-micro2
for extra points ec2-micro2
for extra points ec2-micro2
for extra points ec2-micro2
for extra points ec2-micro2
for extra points ec2-micro2
for extra points ec2-micro2
for extra points ec2-micro2
for extra points ec2-micro2
for extra points ec2-micro2
for extra points ec2-micro2
for extra points ec2-micro2
for extra points ec2-micro2
for extra points ec2-micro2
cluster ec2-micro2 has 31 samples; size of sampling points array is 31
cluster ec2-micro2: mean=24.235956778673156, variance=942.4592142273184, beta1=0.2791250480215136, beta0=3.563820591625049
for extra points ec2-micro1
for extra points ec2-micro1
for extra points ec2-micro1
for extra points ec2-micro1
for extra points ec2-micro1
for extra points ec2-micro1
for extra points ec2-micro1
for extra points ec2-micro1
for extra points ec2-micro1
for extra points ec2-micro1
for extra points ec2-micro1
for extra points ec2-micro1
for extra points ec2-micro1
for extra points ec2-micro1
for extra points ec2-micro1
for extra points ec2-micro1
for extra points ec2-micro1
for extra points ec2-micro1
for extra points ec2-micro1
for extra points ec2-micro1
for extra points ec2-micro1
for extra points ec2-micro1
for extra points ec2-micro1
for extra points ec2-micro1
for extra points ec2-micro1
for extra points ec2-micro1
for extra points ec2-micro1
for extra points ec2-micro1
for extra points ec2-micro1
for extra points ec2-micro1
for extra points ec2-micro1
for extra points ec2-micro1
for extra points ec2-micro1
for extra points ec2-micro1
for extra points ec2-micro1
for extra points ec2-micro1
for extra points ec2-micro1
for extra points ec2-micro1
for extra points ec2-micro1
for extra points ec2-micro1
for extra points ec2-micro1
for extra points ec2-micro1
for extra points ec2-micro1
for extra points ec2-micro1
for extra points ec2-micro1
for extra points ec2-micro1
for extra points ec2-micro1
for extra points ec2-micro1
for extra points ec2-micro1
for extra points ec2-micro1
for extra points ec2-micro1
for extra points ec2-micro1
for extra points ec2-micro1
for extra points ec2-micro1
for extra points ec2-micro1
for extra points ec2-micro1
for extra points ec2-micro1
for extra points ec2-micro1
for extra points ec2-micro1
for extra points ec2-micro1
for extra points ec2-micro1
for extra points ec2-micro1
for extra points ec2-micro1
for extra points ec2-micro1
for extra points ec2-micro1
for extra points ec2-micro1
for extra points ec2-micro1
for extra points ec2-micro1
for extra points ec2-micro1
for extra points ec2-micro1
for extra points ec2-micro1
for extra points ec2-micro1
for extra points ec2-micro1
for extra points ec2-micro1
for extra points ec2-micro1
for extra points ec2-micro1
for extra points ec2-micro1
for extra points ec2-micro1
for extra points ec2-micro1
for extra points ec2-micro1
cluster ec2-micro1 has 31 samples; size of sampling points array is 31
cluster ec2-micro1: mean=72.47090704893856, variance=11427.104311804622, beta1=0.9719314252785246, beta0=0.48919515943142855
Cluster ec2-micro2 stats =>
Node 1 stats => uptime(ms): 3560196 runtime(nanos): 3507506872695 jobs: 90
runtime/uptime: 0.9852004981453268 avg runtime per job(ms): 38972.2985855 avg uptime per job(ms): 39557.73333333333
Unused fraction of ATU: 39804.0
Cluster ec2-micro1 stats =>
Node 1 stats => uptime(ms): 3575791 runtime(nanos): 3514000570010 jobs: 97
runtime/uptime: 0.9827197870373297 avg runtime per job(ms): 36226.81000010309 avg uptime per job(ms): 36863.82474226804
Unused fraction of ATU: 24209.0
Cluster ec2-micro3 stats =>
Node 1 stats => uptime(ms): 3582525 runtime(nanos): 3504157668302 jobs: 86
runtime/uptime: 0.9781251124003322 avg runtime per job(ms): 40746.019398860466 avg uptime per job(ms): 41657.267441860466
Unused fraction of ATU: 17475.0
Due amount sampling 260.0
Sampling phase took 3876 (sec), which is about 64m36s
Terminate Node
Req id: sir-126f7811
Returning current price for t1.micro : 0.006
Inst id: i-11bd1377
Returning current price for t1.micro : 0.006
Terminate Node
Req id: sir-126f7811
Returning current price for t1.micro : 0.006
Most profitable machine type: ec2-micro1, cost: 20.0, Ti: 1.2078484508156426 minutes
 Solutions follow 
	B	C	M
1.	720.0	720.0	36.0
---------------------
Inst id: i-11bd1377
Found sol at 19, 180, noATUs=4
cluster ec2-micro1 : 9 machines
deltaN=-41
2.	720.0	720	4
---------------------
Found sol at 19, 264, noATUs=3
cluster ec2-micro1 : 9 machines
cluster ec2-micro2 : 1 machines
3.	792	792	3
---------------------
Found sol at 19, 432, noATUs=2
cluster ec2-micro1 : 9 machines
cluster ec2-micro2 : 3 machines
4.	864	864	2
---------------------
Initial BmakespanMin=2600.0; initial makespanMin=1.0
Found sol at 30, 2600, noATUs=1
cluster ec2-micro1 : 10 machines
cluster ec2-micro2 : 10 machines
cluster ec2-micro3 : 10 machines
5.	2600.0	2600	1
---------------------
Found sol at 19, 180, noATUs=4
cluster ec2-micro1 : 9 machines
6.	2340	720	4
---------------------
Found sol at 19, 180, noATUs=4
cluster ec2-micro1 : 9 machines
7.	2080.0	720	4
	Spot planning
Terminate Node
Req id: sir-126f7811
Inst id: i-11bd1377
Returning current price for t1.micro : 0.006
Returning current price for t1.micro : 0.006
Terminate Node
Req id: sir-126f7811
Inst id: i-11bd1377
Returning current price for t1.micro : 0.006
Terminate Node
Req id: sir-126f7811
Returning current price for t1.micro : 0.006
Inst id: i-11bd1377
Returning current price for t1.micro : 0.006
Terminate Node
Req id: sir-126f7811
Returning current price for t1.micro : 0.006
Inst id: i-11bd1377
Returning current price for t1.micro : 0.006
Returning current price for t1.micro : 0.006
Returning current price for t1.micro : 0.006
Terminate Node
Req id: sir-126f7811
Inst id: i-11bd1377
Returning current price for t1.micro : 0.006
Most profitable machine type: ec2-micro1, cost: 6.0, Ti: 1.2078484508156426 minutes
 Spot solutions follow 
	B	C	M
Terminate Node
Req id: sir-126f7811
Returning current price for t1.micro : 0.006
1.	216.0	216.0	36.0
Inst id: i-11bd1377
Terminate Node
Req id: sir-126f7811
Returning current price for t1.micro : 0.006
Inst id: i-11bd1377
Returning current price for t1.micro : 0.006
Terminate Node
Req id: sir-126f7811
Returning current price for t1.micro : 0.006
Inst id: i-11bd1377
Terminate Node
Req id: sir-126f7811
Returning current price for t1.micro : 0.006
Inst id: i-11bd1377
Returning current price for t1.micro : 0.006
Terminate Node
Req id: sir-126f7811
Inst id: i-11bd1377
Terminate Node
Req id: sir-126f7811
Returning current price for t1.micro : 0.006
Inst id: i-11bd1377
Returning current price for t1.micro : 0.006
Terminate Node
Req id: sir-126f7811
Inst id: i-11bd1377
Terminate Node
Req id: sir-126f7811
Inst id: i-11bd1377
Returning current price for t1.micro : 0.006
Terminate Node
Req id: sir-126f7811
Returning current price for t1.micro : 0.006
Inst id: i-11bd1377
Terminate Node
Req id: sir-126f7811
Inst id: i-11bd1377
Terminate Node
Req id: sir-126f7811
Returning current price for t1.micro : 0.006
Inst id: i-11bd1377
Terminate Node
Req id: sir-126f7811
Returning current price for t1.micro : 0.006
Inst id: i-11bd1377
Terminate Node
Req id: sir-126f7811
Inst id: i-11bd1377
Returning current price for t1.micro : 0.006
Returning current price for t1.micro : 0.006
Terminate Node
Req id: sir-126f7811
Inst id: i-11bd1377
Returning current price for t1.micro : 0.006
Terminate Node
Req id: sir-126f7811
Returning current price for t1.micro : 0.006
Inst id: i-11bd1377
Returning current price for t1.micro : 0.006
Terminate Node
Req id: sir-126f7811
Inst id: i-11bd1377
Returning current price for t1.micro : 0.006
Terminate Node
Req id: sir-126f7811
Returning current price for t1.micro : 0.006
Returning current price for t1.micro : 0.006
Inst id: i-11bd1377
Returning current price for t1.micro : 0.006
Terminate Node
Req id: sir-126f7811
Inst id: i-11bd1377
Returning current price for t1.micro : 0.006
Terminate Node
Req id: sir-126f7811
Returning current price for t1.micro : 0.006
Inst id: i-11bd1377
Returning current price for t1.micro : 0.006
Terminate Node
Req id: sir-126f7811
Inst id: i-11bd1377
Returning current price for t1.micro : 0.006
Terminate Node
Req id: sir-126f7811
Inst id: i-11bd1377
Returning current price for t1.micro : 0.006
Terminate Node
Req id: sir-126f7811
Inst id: i-11bd1377
Returning current price for t1.micro : 0.006
Terminate Node
Req id: sir-126f7811
Returning current price for t1.micro : 0.006
Inst id: i-11bd1377
Returning current price for t1.micro : 0.006
Terminate Node
Req id: sir-126f7811
Inst id: i-11bd1377
Terminate Node
Req id: sir-126f7811
Inst id: i-11bd1377
Returning current price for t1.micro : 0.006
Terminate Node
Req id: sir-126f7811
Inst id: i-11bd1377
Returning current price for t1.micro : 0.006
Terminate Node
Req id: sir-126f7811
Inst id: i-11bd1377
Returning current price for t1.micro : 0.006
Terminate Node
Req id: sir-126f7811
Returning current price for t1.micro : 0.006
Inst id: i-11bd1377
Returning current price for t1.micro : 0.006
---------------------
Found sol at 30, 180, noATUs=1
cluster ec2-micro1 : 10 machines
cluster ec2-micro2 : 10 machines
cluster ec2-micro3 : 10 machines
deltaN=-709
2.	216.0	180	1
---------------------
Found sol at 30, 180, noATUs=1
cluster ec2-micro1 : 10 machines
cluster ec2-micro2 : 10 machines
cluster ec2-micro3 : 10 machines
3.	237	180	1
---------------------
Found sol at 30, 180, noATUs=1
cluster ec2-micro1 : 10 machines
cluster ec2-micro2 : 10 machines
cluster ec2-micro3 : 10 machines
4.	259	180	1
---------------------
Initial BmakespanMin=180.0; initial makespanMin=1.0
Found sol at 30, 180, noATUs=1
cluster ec2-micro1 : 10 machines
cluster ec2-micro2 : 10 machines
cluster ec2-micro3 : 10 machines
5.	180.0	180	1
---------------------
Found sol at 27, 162, noATUs=1
cluster ec2-micro1 : 10 machines
cluster ec2-micro2 : 10 machines
cluster ec2-micro3 : 7 machines
6.	162	162	1
---------------------
Found sol at 24, 144, noATUs=1
cluster ec2-micro1 : 10 machines
cluster ec2-micro2 : 10 machines
cluster ec2-micro3 : 4 machines
7.	144.0	144	1
Hurray! I shut down masterRP!!!
Hurray! I shut down ibis!!!
For me:
Finished tasks: 273
Replicated tasks: 7
Remaining tasks: 1741
Schedules and BoT dumped to file: /root/ConPaaS-TaskFarmService/SchedulesDump/schedules.ser
Shuting down...
